<?xml version="1.0" encoding="UTF-8"?>
<!-- Generated by org.testng.reporters.JUnitReportReporter -->
<testsuite hostname="pnagaraj01scl.local" name="MyProjects.SeleniumQuestion.ImageTest" tests="1" failures="0" timestamp="30 Jul 2018 06:44:04 GMT" time="6.447" errors="0">
  <testcase name="imageSearch" time="6.447" classname="MyProjects.SeleniumQuestion.ImageTest"/>
</testsuite> <!-- MyProjects.SeleniumQuestion.ImageTest -->
